# JRE version: Java(TM) SE Runtime Environment (8.0_181-b13) (build 1.8.0_181-b13)
# Java VM: Java HotSpot(TM) 64-Bit Server VM (25.181-b13 mixed mode windows-amd64 compressed oops)
Heap:
 PSYoungGen      total 27136K, used 4526K [0x00000000eb700000, 0x00000000ef880000, 0x0000000100000000)
  eden space 26624K, 16% used [0x00000000eb700000,0x00000000ebb4ba58,0x00000000ed100000)
  from space 512K, 25% used [0x00000000ef780000,0x00000000ef7a0000,0x00000000ef800000)
  to   space 512K, 0% used [0x00000000ef800000,0x00000000ef800000,0x00000000ef880000)
 ParOldGen       total 74240K, used 29035K [0x00000000c2400000, 0x00000000c6c80000, 0x00000000eb700000)
  object space 74240K, 39% used [0x00000000c2400000,0x00000000c405ada0,0x00000000c6c80000)
 Metaspace       used 63549K, capacity 66442K, committed 66712K, reserved 1107968K
  class space    used 8324K, capacity 8801K, committed 8872K, reserved 1048576K
GC Heap History (10 events):
Event: 2952.563 GC heap before
{Heap before GC invocations=461 (full 3):
 PSYoungGen      total 27136K, used 26784K [0x00000000eb700000, 0x00000000ef880000, 0x0000000100000000)
  eden space 26624K, 100% used [0x00000000eb700000,0x00000000ed100000,0x00000000ed100000)
  from space 512K, 31% used [0x00000000ef780000,0x00000000ef7a8000,0x00000000ef800000)
  to   space 512K, 0% used [0x00000000ef800000,0x00000000ef800000,0x00000000ef880000)
 ParOldGen       total 74240K, used 29027K [0x00000000c2400000, 0x00000000c6c80000, 0x00000000eb700000)
  object space 74240K, 39% used [0x00000000c2400000,0x00000000c4058da0,0x00000000c6c80000)
 Metaspace       used 63549K, capacity 66442K, committed 66712K, reserved 1107968K
  class space    used 8324K, capacity 8801K, committed 8872K, reserved 1048576K
Event: 2952.570 GC heap after
Heap after GC invocations=461 (full 3):
 PSYoungGen      total 27136K, used 128K [0x00000000eb700000, 0x00000000ef880000, 0x0000000100000000)
  eden space 26624K, 0% used [0x00000000eb700000,0x00000000eb700000,0x00000000ed100000)
  from space 512K, 25% used [0x00000000ef800000,0x00000000ef820000,0x00000000ef880000)
  to   space 512K, 0% used [0x00000000ef780000,0x00000000ef780000,0x00000000ef800000)
 ParOldGen       total 74240K, used 29027K [0x00000000c2400000, 0x00000000c6c80000, 0x00000000eb700000)
  object space 74240K, 39% used [0x00000000c2400000,0x00000000c4058da0,0x00000000c6c80000)
 Metaspace       used 63549K, capacity 66442K, committed 66712K, reserved 1107968K
  class space    used 8324K, capacity 8801K, committed 8872K, reserved 1048576K
}
Event: 2954.305 GC heap before
{Heap before GC invocations=462 (full 3):
 PSYoungGen      total 27136K, used 26752K [0x00000000eb700000, 0x00000000ef880000, 0x0000000100000000)
  eden space 26624K, 100% used [0x00000000eb700000,0x00000000ed100000,0x00000000ed100000)
  from space 512K, 25% used [0x00000000ef800000,0x00000000ef820000,0x00000000ef880000)
  to   space 512K, 0% used [0x00000000ef780000,0x00000000ef780000,0x00000000ef800000)
 ParOldGen       total 74240K, used 29027K [0x00000000c2400000, 0x00000000c6c80000, 0x00000000eb700000)
  object space 74240K, 39% used [0x00000000c2400000,0x00000000c4058da0,0x00000000c6c80000)
 Metaspace       used 63549K, capacity 66442K, committed 66712K, reserved 1107968K
  class space    used 8324K, capacity 8801K, committed 8872K, reserved 1048576K
Event: 2954.310 GC heap after
Heap after GC invocations=462 (full 3):
 PSYoungGen      total 27136K, used 96K [0x00000000eb700000, 0x00000000ef880000, 0x0000000100000000)
  eden space 26624K, 0% used [0x00000000eb700000,0x00000000eb700000,0x00000000ed100000)
  from space 512K, 18% used [0x00000000ef780000,0x00000000ef798000,0x00000000ef800000)
  to   space 512K, 0% used [0x00000000ef800000,0x00000000ef800000,0x00000000ef880000)
 ParOldGen       total 74240K, used 29035K [0x00000000c2400000, 0x00000000c6c80000, 0x00000000eb700000)
  object space 74240K, 39% used [0x00000000c2400000,0x00000000c405ada0,0x00000000c6c80000)
 Metaspace       used 63549K, capacity 66442K, committed 66712K, reserved 1107968K
  class space    used 8324K, capacity 8801K, committed 8872K, reserved 1048576K
}
Event: 2957.383 GC heap before
{Heap before GC invocations=463 (full 3):
 PSYoungGen      total 27136K, used 26720K [0x00000000eb700000, 0x00000000ef880000, 0x0000000100000000)
  eden space 26624K, 100% used [0x00000000eb700000,0x00000000ed100000,0x00000000ed100000)
  from space 512K, 18% used [0x00000000ef780000,0x00000000ef798000,0x00000000ef800000)
  to   space 512K, 0% used [0x00000000ef800000,0x00000000ef800000,0x00000000ef880000)
 ParOldGen       total 74240K, used 29035K [0x00000000c2400000, 0x00000000c6c80000, 0x00000000eb700000)
  object space 74240K, 39% used [0x00000000c2400000,0x00000000c405ada0,0x00000000c6c80000)
 Metaspace       used 63549K, capacity 66442K, committed 66712K, reserved 1107968K
  class space    used 8324K, capacity 8801K, committed 8872K, reserved 1048576K
Event: 2957.392 GC heap after
Heap after GC invocations=463 (full 3):
 PSYoungGen      total 27136K, used 128K [0x00000000eb700000, 0x00000000ef880000, 0x0000000100000000)
  eden space 26624K, 0% used [0x00000000eb700000,0x00000000eb700000,0x00000000ed100000)
  from space 512K, 25% used [0x00000000ef800000,0x00000000ef820000,0x00000000ef880000)
  to   space 512K, 0% used [0x00000000ef780000,0x00000000ef780000,0x00000000ef800000)
 ParOldGen       total 74240K, used 29035K [0x00000000c2400000, 0x00000000c6c80000, 0x00000000eb700000)
  object space 74240K, 39% used [0x00000000c2400000,0x00000000c405ada0,0x00000000c6c80000)
 Metaspace       used 63549K, capacity 66442K, committed 66712K, reserved 1107968K
  class space    used 8324K, capacity 8801K, committed 8872K, reserved 1048576K
}
Event: 2959.239 GC heap before
{Heap before GC invocations=464 (full 3):
 PSYoungGen      total 27136K, used 26752K [0x00000000eb700000, 0x00000000ef880000, 0x0000000100000000)
  eden space 26624K, 100% used [0x00000000eb700000,0x00000000ed100000,0x00000000ed100000)
  from space 512K, 25% used [0x00000000ef800000,0x00000000ef820000,0x00000000ef880000)
  to   space 512K, 0% used [0x00000000ef780000,0x00000000ef780000,0x00000000ef800000)
 ParOldGen       total 74240K, used 29035K [0x00000000c2400000, 0x00000000c6c80000, 0x00000000eb700000)
  object space 74240K, 39% used [0x00000000c2400000,0x00000000c405ada0,0x00000000c6c80000)
 Metaspace       used 63549K, capacity 66442K, committed 66712K, reserved 1107968K
  class space    used 8324K, capacity 8801K, committed 8872K, reserved 1048576K
Event: 2959.245 GC heap after
Heap after GC invocations=464 (full 3):
 PSYoungGen      total 27136K, used 128K [0x00000000eb700000, 0x00000000ef880000, 0x0000000100000000)
  eden space 26624K, 0% used [0x00000000eb700000,0x00000000eb700000,0x00000000ed100000)
  from space 512K, 25% used [0x00000000ef780000,0x00000000ef7a0000,0x00000000ef800000)
  to   space 512K, 0% used [0x00000000ef800000,0x00000000ef800000,0x00000000ef880000)
 ParOldGen       total 74240K, used 29035K [0x00000000c2400000, 0x00000000c6c80000, 0x00000000eb700000)
  object space 74240K, 39% used [0x00000000c2400000,0x00000000c405ada0,0x00000000c6c80000)
 Metaspace       used 63549K, capacity 66442K, committed 66712K, reserved 1107968K
  class space    used 8324K, capacity 8801K, committed 8872K, reserved 1048576K
}
Event: 2960.562 GC heap before
{Heap before GC invocations=465 (full 3):
 PSYoungGen      total 27136K, used 26752K [0x00000000eb700000, 0x00000000ef880000, 0x0000000100000000)
  eden space 26624K, 100% used [0x00000000eb700000,0x00000000ed100000,0x00000000ed100000)
  from space 512K, 25% used [0x00000000ef780000,0x00000000ef7a0000,0x00000000ef800000)
  to   space 512K, 0% used [0x00000000ef800000,0x00000000ef800000,0x00000000ef880000)
 ParOldGen       total 74240K, used 29035K [0x00000000c2400000, 0x00000000c6c80000, 0x00000000eb700000)
  object space 74240K, 39% used [0x00000000c2400000,0x00000000c405ada0,0x00000000c6c80000)
 Metaspace       used 63549K, capacity 66442K, committed 66712K, reserved 1107968K
  class space    used 8324K, capacity 8801K, committed 8872K, reserved 1048576K
Event: 2960.568 GC heap after
Heap after GC invocations=465 (full 3):
 PSYoungGen      total 27136K, used 128K [0x00000000eb700000, 0x00000000ef880000, 0x0000000100000000)
  eden space 26624K, 0% used [0x00000000eb700000,0x00000000eb700000,0x00000000ed100000)
  from space 512K, 25% used [0x00000000ef800000,0x00000000ef820000,0x00000000ef880000)
  to   space 512K, 0% used [0x00000000ef780000,0x00000000ef780000,0x00000000ef800000)
 ParOldGen       total 74240K, used 29035K [0x00000000c2400000, 0x00000000c6c80000, 0x00000000eb700000)
  object space 74240K, 39% used [0x00000000c2400000,0x00000000c405ada0,0x00000000c6c80000)
 Metaspace       used 63549K, capacity 66442K, committed 66712K, reserved 1107968K
  class space    used 8324K, capacity 8801K, committed 8872K, reserved 1048576K
}

